Prix actuel de Cardano (ADA) : 0.71707669534425 USD
Dash is running on http://0.0.0.0:8050/

 * Serving Flask app 'dashboard'
 * Debug mode: on
Dash is running on http://0.0.0.0:8050/

 * Serving Flask app 'dashboard'
 * Debug mode: on
             datetime     price
0 2025-03-18 00:36:45  0.717077
1 2025-03-18 00:54:12  0.718673
Dash is running on http://0.0.0.0:8050/

 * Serving Flask app 'dashboard'
 * Debug mode: on
             datetime     price
0 2025-03-18 00:36:45  0.717077
1 2025-03-18 00:54:12  0.718673
Dash is running on http://0.0.0.0:8050/

 * Serving Flask app 'dashboard'
 * Debug mode: on
             datetime     price
0 2025-03-18 00:36:45  0.717077
1 2025-03-18 00:54:12  0.718673
2 2025-03-18 01:03:47  0.718508
3 2025-03-18 01:04:50  0.718373
             datetime     price
0 2025-03-18 00:36:45  0.717077
1 2025-03-18 00:54:12  0.718673
2 2025-03-18 01:03:47  0.718508
3 2025-03-18 01:04:50  0.718373
             datetime     price
0 2025-03-18 00:36:45  0.717077
1 2025-03-18 00:54:12  0.718673
2 2025-03-18 01:03:47  0.718508
3 2025-03-18 01:04:50  0.718373
             datetime     price
0 2025-03-18 00:36:45  0.717077
1 2025-03-18 00:54:12  0.718673
2 2025-03-18 01:03:47  0.718508
3 2025-03-18 01:04:50  0.718373
             datetime     price
0 2025-03-18 00:36:45  0.717077
1 2025-03-18 00:54:12  0.718673
2 2025-03-18 01:03:47  0.718508
3 2025-03-18 01:04:50  0.718373
             datetime     price
0 2025-03-18 00:36:45  0.717077
1 2025-03-18 00:54:12  0.718673
2 2025-03-18 01:03:47  0.718508
3 2025-03-18 01:04:50  0.718373
             datetime     price
0 2025-03-18 00:36:45  0.717077
1 2025-03-18 00:54:12  0.718673
2 2025-03-18 01:03:47  0.718508
3 2025-03-18 01:04:50  0.718373
             datetime     price
0 2025-03-18 00:36:45  0.717077
1 2025-03-18 00:54:12  0.718673
2 2025-03-18 01:03:47  0.718508
3 2025-03-18 01:04:50  0.718373
Dash is running on http://0.0.0.0:8050/

 * Serving Flask app 'dashboard'
 * Debug mode: on
Dash is running on http://0.0.0.0:8050/

 * Serving Flask app 'dashboard'
 * Debug mode: on
             datetime     price
0 2025-03-18 00:36:45  0.717077
1 2025-03-18 00:54:12  0.718673
2 2025-03-18 01:03:47  0.718508
3 2025-03-18 01:04:50  0.718373
             datetime     price
0 2025-03-18 00:36:45  0.717077
1 2025-03-18 00:54:12  0.718673
2 2025-03-18 01:03:47  0.718508
3 2025-03-18 01:04:50  0.718373
Callback exécuté, intervalle 0
Callback exécuté, intervalle 0
             datetime     price
0 2025-03-18 00:36:45  0.717077
1 2025-03-18 00:54:12  0.718673
2 2025-03-18 01:03:47  0.718508
3 2025-03-18 01:04:50  0.718373
Callback exécuté, intervalle 0
             datetime     price
0 2025-03-18 00:36:45  0.717077
1 2025-03-18 00:54:12  0.718673
2 2025-03-18 01:03:47  0.718508
3 2025-03-18 01:04:50  0.718373
Callback exécuté, intervalle 0
             datetime     price
0 2025-03-18 00:36:45  0.717077
1 2025-03-18 00:54:12  0.718673
2 2025-03-18 01:03:47  0.718508
3 2025-03-18 01:04:50  0.718373
Callback exécuté, intervalle 0
             datetime     price
0 2025-03-18 00:36:45  0.717077
1 2025-03-18 00:54:12  0.718673
2 2025-03-18 01:03:47  0.718508
3 2025-03-18 01:04:50  0.718373
Callback exécuté, intervalle 0
             datetime     price
0 2025-03-18 00:36:45  0.717077
1 2025-03-18 00:54:12  0.718673
2 2025-03-18 01:03:47  0.718508
3 2025-03-18 01:04:50  0.718373
Callback exécuté, intervalle 0
             datetime     price
0 2025-03-18 00:36:45  0.717077
1 2025-03-18 00:54:12  0.718673
2 2025-03-18 01:03:47  0.718508
3 2025-03-18 01:04:50  0.718373
Callback exécuté, intervalle 0
             datetime     price
0 2025-03-18 00:36:45  0.717077
1 2025-03-18 00:54:12  0.718673
2 2025-03-18 01:03:47  0.718508
3 2025-03-18 01:04:50  0.718373
Callback exécuté, intervalle 0
             datetime     price
0 2025-03-18 00:36:45  0.717077
1 2025-03-18 00:54:12  0.718673
2 2025-03-18 01:03:47  0.718508
3 2025-03-18 01:04:50  0.718373
Callback exécuté, intervalle 0
             datetime     price
0 2025-03-18 00:36:45  0.717077
1 2025-03-18 00:54:12  0.718673
2 2025-03-18 01:03:47  0.718508
3 2025-03-18 01:04:50  0.718373
Callback exécuté, intervalle 0
             datetime     price
0 2025-03-18 00:36:45  0.717077
1 2025-03-18 00:54:12  0.718673
2 2025-03-18 01:03:47  0.718508
3 2025-03-18 01:04:50  0.718373
Callback exécuté, intervalle 0
             datetime     price
0 2025-03-18 00:36:45  0.717077
1 2025-03-18 00:54:12  0.718673
2 2025-03-18 01:03:47  0.718508
3 2025-03-18 01:04:50  0.718373
Callback exécuté, intervalle 1
 Dashboard en cours d'exécution...
Dash is running on http://0.0.0.0:8050/

 * Serving Flask app 'dashboard'
 * Debug mode: on
 Dashboard en cours d'exécution...
Dash is running on http://0.0.0.0:8050/

 * Serving Flask app 'dashboard'
 * Debug mode: on
 Dashboard en cours d'exécution...
 Callback exécuté, intervalle 0
              datetime     price
6  2025-03-18 01:54:28  0.711995
7  2025-03-18 01:54:28       NaN
8  2025-03-18 01:55:02       NaN
9  2025-03-28 10:33:15  0.752233
10 2025-03-28 10:35:02  0.752233
 Callback exécuté, intervalle 1
              datetime     price
7  2025-03-18 01:54:28       NaN
8  2025-03-18 01:55:02       NaN
9  2025-03-28 10:33:15  0.752233
10 2025-03-28 10:35:02  0.752233
11 2025-03-28 10:40:05  0.752233
 Callback exécuté, intervalle 0
              datetime     price
7  2025-03-18 01:54:28       NaN
8  2025-03-18 01:55:02       NaN
9  2025-03-28 10:33:15  0.752233
10 2025-03-28 10:35:02  0.752233
11 2025-03-28 10:40:05  0.752233
 Dashboard en cours d'exécution...
Dash is running on http://0.0.0.0:8050/

 * Serving Flask app 'dashboard'
 * Debug mode: on
Address already in use
Port 8050 is in use by another program. Either identify and stop that program, or start the server with a different port.
 Dashboard en cours d'exécution...
Dash is running on http://0.0.0.0:8050/

 * Serving Flask app 'dashboard'
 * Debug mode: on
 Dashboard en cours d'exécution...
 Callback exécuté, intervalle 0
              datetime     price
8  2025-03-18 01:55:02       NaN
9  2025-03-28 10:33:15  0.752233
10 2025-03-28 10:35:02  0.752233
11 2025-03-28 10:40:05  0.752233
12 2025-03-28 10:45:03  0.752233
 Callback exécuté, intervalle 0
              datetime     price
8  2025-03-18 01:55:02       NaN
9  2025-03-28 10:33:15  0.752233
10 2025-03-28 10:35:02  0.752233
11 2025-03-28 10:40:05  0.752233
12 2025-03-28 10:45:03  0.752233
 Callback exécuté, intervalle 1
              datetime     price
9  2025-03-28 10:33:15  0.752233
10 2025-03-28 10:35:02  0.752233
11 2025-03-28 10:40:05  0.752233
12 2025-03-28 10:45:03  0.752233
13 2025-03-28 10:50:02  0.752233
 Dashboard en cours d'exécution...
Dash is running on http://0.0.0.0:8050/

 * Serving Flask app 'dashboard'
 * Debug mode: on
Prix actuel de Cardano (ADA) : 0.7522325648374664 USD
./scraper.sh: line 14: /mnt/c/Users/mathi/crypto_scraper/crypto_scraper/prices.csv: No such file or directory
./scraper.sh: line 15: /mnt/c/Users/mathi/crypto_scraper/debug.log: No such file or directory
./scraper.sh: line 48: /mnt/c/Users/mathi/crypto_scraper/debug.log: No such file or directory
 Dashboard en cours d'exécution...
Traceback (most recent call last):
  File "/home/ec2-user/crypto_scraper/dashboard.py", line 63, in <module>
    app.run_server(debug=True, host="0.0.0.0", port=8050, threaded=True)
  File "/home/ec2-user/crypto_scraper/venv/lib64/python3.9/site-packages/dash/_obsolete.py", line 22, in __getattr__
    raise err.exc(err.message)
dash.exceptions.ObsoleteAttributeException: app.run_server has been replaced by app.run
Prix actuel de Cardano (ADA) : 0.7522325648374664 USD
./scraper.sh: line 48: /mnt/c/Users/mathi/crypto_scraper/debug.log: No such file or directory
 Dashboard en cours d'exécution...
Dash is running on http://0.0.0.0:8050/

 * Serving Flask app 'dashboard'
 * Debug mode: on
 Dashboard en cours d'exécution...
Dash is running on http://0.0.0.0:8050/

 * Serving Flask app 'dashboard'
 * Debug mode: on
 Dashboard en cours d'exécution...
Dash is running on http://0.0.0.0:8050/

 * Serving Flask app 'dashboard'
 * Debug mode: on
Address already in use
Port 8050 is in use by another program. Either identify and stop that program, or start the server with a different port.
 Dashboard en cours d'exécution...
Dash is running on http://0.0.0.0:8050/

 * Serving Flask app 'dashboard'
 * Debug mode: on
 Dashboard en cours d'exécution...
Dash is running on http://0.0.0.0:8050/

 * Serving Flask app 'dashboard'
 * Debug mode: on
